<?xml version="1.0" encoding="UTF-8"?>
<testsuite name="org.fop.orchestrator.OrchestratorApplicationTests" tests="1" skipped="0" failures="0" errors="0" timestamp="2023-02-15T16:15:11" hostname="gesserok-GL753VE" time="0.863">
  <properties/>
  <testcase name="contextLoads()" classname="org.fop.orchestrator.OrchestratorApplicationTests" time="0.863"/>
  <system-out><![CDATA[18:15:07.261 [Test worker] DEBUG org.springframework.boot.test.context.SpringBootTestContextBootstrapper - Neither @ContextConfiguration nor @ContextHierarchy found for test class [OrchestratorApplicationTests]: using SpringBootContextLoader
18:15:07.277 [Test worker] DEBUG org.springframework.test.context.support.AbstractContextLoader - Could not detect default resource locations for test class [org.fop.orchestrator.OrchestratorApplicationTests]: no resource found for suffixes {-context.xml, Context.groovy}.
18:15:07.282 [Test worker] INFO org.springframework.test.context.support.AnnotationConfigContextLoaderUtils - Could not detect default configuration classes for test class [org.fop.orchestrator.OrchestratorApplicationTests]: OrchestratorApplicationTests does not declare any static, non-private, non-final, nested classes annotated with @Configuration.
18:15:07.350 [Test worker] DEBUG org.springframework.boot.test.context.SpringBootTestContextBootstrapper - Using ContextCustomizers for test class [OrchestratorApplicationTests]: [DisableObservabilityContextCustomizer, PropertyMappingContextCustomizer, Customizer, ExcludeFilterContextCustomizer, DuplicateJsonObjectContextCustomizer, MockitoContextCustomizer, TestRestTemplateContextCustomizer]
18:15:07.511 [Test worker] DEBUG org.springframework.context.annotation.ClassPathScanningCandidateComponentProvider - Identified candidate component class: file [/home/gesserok/projects/kotlin/FOP/orchestrator/build/classes/kotlin/main/org/fop/orchestrator/OrchestratorApplication.class]
18:15:07.517 [Test worker] INFO org.springframework.boot.test.context.SpringBootTestContextBootstrapper - Found @SpringBootConfiguration org.fop.orchestrator.OrchestratorApplication for test class org.fop.orchestrator.OrchestratorApplicationTests
18:15:07.752 [Test worker] DEBUG org.springframework.test.context.util.TestContextSpringFactoriesUtils - Skipping candidate TestExecutionListener [org.springframework.test.context.transaction.TransactionalTestExecutionListener] due to a missing dependency. Specify custom TestExecutionListener classes or make the default TestExecutionListener classes and their required dependencies available. Offending class: [org/springframework/transaction/interceptor/TransactionAttributeSource]
18:15:07.755 [Test worker] DEBUG org.springframework.test.context.util.TestContextSpringFactoriesUtils - Skipping candidate TestExecutionListener [org.springframework.test.context.jdbc.SqlScriptsTestExecutionListener] due to a missing dependency. Specify custom TestExecutionListener classes or make the default TestExecutionListener classes and their required dependencies available. Offending class: [org/springframework/transaction/interceptor/TransactionAttribute]
18:15:07.759 [Test worker] DEBUG org.springframework.boot.test.context.SpringBootTestContextBootstrapper - Using TestExecutionListeners for test class [OrchestratorApplicationTests]: [ServletTestExecutionListener, DirtiesContextBeforeModesTestExecutionListener, ApplicationEventsTestExecutionListener, MockitoTestExecutionListener, DependencyInjectionTestExecutionListener, DirtiesContextTestExecutionListener, EventPublishingTestExecutionListener, RestDocsTestExecutionListener, MockRestServiceServerResetTestExecutionListener, MockMvcPrintOnlyOnFailureTestExecutionListener, WebDriverTestExecutionListener, MockWebServiceServerTestExecutionListener, ResetMocksTestExecutionListener]
18:15:07.761 [Test worker] DEBUG org.springframework.test.context.support.AbstractDirtiesContextTestExecutionListener - Before test class: class [OrchestratorApplicationTests], class annotated with @DirtiesContext [false] with mode [null]

  .   ____          _            __ _ _
 /\\ / ___'_ __ _ _(_)_ __  __ _ \ \ \ \
( ( )\___ | '_ | '_| | '_ \/ _` | \ \ \ \
 \\/  ___)| |_)| | | | | || (_| |  ) ) ) )
  '  |____| .__|_| |_|_| |_\__, | / / / /
 =========|_|==============|___/=/_/_/_/
 :: Spring Boot ::                (v3.0.2)

2023-02-15T18:15:08.318+02:00  INFO 2625669 --- [    Test worker] o.f.o.OrchestratorApplicationTests       : Starting OrchestratorApplicationTests using Java 17.0.5 with PID 2625669 (started by gesserok in /home/gesserok/projects/kotlin/FOP/orchestrator)
2023-02-15T18:15:08.321+02:00  INFO 2625669 --- [    Test worker] o.f.o.OrchestratorApplicationTests       : No active profile set, falling back to 1 default profile: "default"
2023-02-15T18:15:11.023+02:00  INFO 2625669 --- [    Test worker] o.f.o.OrchestratorApplicationTests       : Started OrchestratorApplicationTests in 3.152 seconds (process running for 5.406)
]]></system-out>
  <system-err><![CDATA[]]></system-err>
</testsuite>
